<?xml version="1.0" encoding="UTF-8"?>
<!-- Generated by org.testng.reporters.JUnitReportReporter -->
<testsuite hostname="Prafuls-MacBook-Pro.local" failures="0" tests="5" name="com.TestLayer.ContactPageTest" time="33.476" errors="0" timestamp="2021-07-16T20:30:13 IST" skipped="0">
  <testcase classname="com.TestLayer.ContactPageTest" name="loginpageFunctionality" time="3.677"/>
  <system-out/>
  <testcase classname="com.TestLayer.ContactPageTest" name="clickOnContactLink" time="10.097"/>
  <system-out/>
  <testcase classname="com.TestLayer.ContactPageTest" name="checkEnabledStatus" time="0.019"/>
  <system-out/>
  <testcase classname="com.TestLayer.ContactPageTest" name="clickonCreateButton" time="6.079"/>
  <system-out/>
  <testcase classname="com.TestLayer.ContactPageTest" name="createContact" time="13.604"/>
  <system-out/>
</testsuite> <!-- com.TestLayer.ContactPageTest -->
