<?xml version="1.0" encoding="UTF-8"?>
<!-- Generated by org.testng.reporters.JUnitReportReporter -->
<testsuite hostname="Prafuls-MacBook-Pro.local" failures="0" tests="4" name="com.TestLayer.HomepageTest" time="7.534" errors="0" timestamp="2021-07-16T19:44:04 IST" skipped="0">
  <testcase classname="com.TestLayer.HomepageTest" name="loginfunctinality" time="4.956"/>
  <system-out/>
  <testcase classname="com.TestLayer.HomepageTest" name="validatTitle" time="0.014"/>
  <system-out/>
  <testcase classname="com.TestLayer.HomepageTest" name="validateUrl" time="0.004"/>
  <system-out/>
  <testcase classname="com.TestLayer.HomepageTest" name="clickOnContactLink" time="2.560"/>
  <system-out/>
</testsuite> <!-- com.TestLayer.HomepageTest -->
