<?xml version="1.0" encoding="UTF-8"?>
<!-- Generated by org.testng.reporters.JUnitReportReporter -->
<testsuite hostname="Prafuls-MacBook-Pro.local" failures="0" tests="3" name="com.TestLayer.LoginPageTest" time="6.596" errors="0" timestamp="2021-07-16T15:39:02 IST" skipped="0">
  <testcase classname="com.TestLayer.LoginPageTest" name="validateTitle" time="0.005"/>
  <system-out/>
  <testcase classname="com.TestLayer.LoginPageTest" name="loginFunctinality" time="6.586"/>
  <system-out/>
  <testcase classname="com.TestLayer.LoginPageTest" name="validateUrl" time="0.005"/>
  <system-out/>
</testsuite> <!-- com.TestLayer.LoginPageTest -->
